

*******************************************************************************
Thu Feb 18 11:50:59 2021


FIT:    data read from "partBrownianas.dat"
        format = z
        #datapoints = 505
        residuals are weighted equally (unit weight)

function used for fitting: f(x)
	f(x)=a*x**b
fitted parameters initialized with current variable values

iter      chisq       delta/lim  lambda   a             b            
   0 2.5649304219e+13   0.00e+00  2.02e+06    1.000000e+00   1.000000e+00
   8 1.2791360316e-14  -2.81e-07  2.02e-02    1.546303e-12   8.118010e-01

After 8 iterations the fit converged.
final sum of squares of residuals : 1.27914e-14
rel. change during last iteration : -2.80827e-12

degrees of freedom    (FIT_NDF)                        : 503
rms of residuals      (FIT_STDFIT) = sqrt(WSSR/ndf)    : 5.04283e-09
variance of residuals (reduced chisquare) = WSSR/ndf   : 2.54301e-17

Final set of parameters            Asymptotic Standard Error
=======================            ==========================
a               = 1.5463e-12       +/- 3.406e-13    (22.02%)
b               = 0.811801         +/- 0.01753      (2.16%)

correlation matrix of the fit parameters:
                a      b      
a               1.000 
b              -1.000  1.000 


*******************************************************************************
Thu Feb 18 12:04:43 2021


FIT:    data read from "partBrownianas.dat" u 1:2
        format = x:z
        #datapoints = 505
        residuals are weighted equally (unit weight)

function used for fitting: f(x)
	f(x)=a*x**b
fitted parameters initialized with current variable values

iter      chisq       delta/lim  lambda   a             b            
   0 2.5649304219e+13   0.00e+00  2.02e+06    1.000000e+00   1.000000e+00
   8 1.2791360316e-14  -2.81e-07  2.02e-02    1.546303e-12   8.118010e-01

After 8 iterations the fit converged.
final sum of squares of residuals : 1.27914e-14
rel. change during last iteration : -2.80827e-12

degrees of freedom    (FIT_NDF)                        : 503
rms of residuals      (FIT_STDFIT) = sqrt(WSSR/ndf)    : 5.04283e-09
variance of residuals (reduced chisquare) = WSSR/ndf   : 2.54301e-17

Final set of parameters            Asymptotic Standard Error
=======================            ==========================
a               = 1.5463e-12       +/- 3.406e-13    (22.02%)
b               = 0.811801         +/- 0.01753      (2.16%)

correlation matrix of the fit parameters:
                a      b      
a               1.000 
b              -1.000  1.000 


*******************************************************************************
Thu Feb 18 12:13:13 2021


FIT:    data read from "partBrownianas.dat" u 1:2
        format = x:z
        #datapoints = 505
        residuals are weighted equally (unit weight)

function used for fitting: f(x)
	f(x)=a*x**b
fitted parameters initialized with current variable values

iter      chisq       delta/lim  lambda   a             b            
   0 2.5649304219e+13   0.00e+00  2.02e+06    1.000000e+00   1.000000e+00
   8 1.2791360316e-14  -2.81e-07  2.02e-02    1.546303e-12   8.118010e-01

After 8 iterations the fit converged.
final sum of squares of residuals : 1.27914e-14
rel. change during last iteration : -2.80827e-12

degrees of freedom    (FIT_NDF)                        : 503
rms of residuals      (FIT_STDFIT) = sqrt(WSSR/ndf)    : 5.04283e-09
variance of residuals (reduced chisquare) = WSSR/ndf   : 2.54301e-17

Final set of parameters            Asymptotic Standard Error
=======================            ==========================
a               = 1.5463e-12       +/- 3.406e-13    (22.02%)
b               = 0.811801         +/- 0.01753      (2.16%)

correlation matrix of the fit parameters:
                a      b      
a               1.000 
b              -1.000  1.000 
